<?xml version="1.0" encoding="UTF-8"?>
<!-- Generated by org.testng.reporters.JUnitReportReporter -->
<testsuite hostname="DESKTOP-8KLIGMJ" name="com.testautomation.TestRunner.TestRunner" tests="1" failures="0" timestamp="9 Apr 2020 23:19:13 GMT" time="66.961" errors="0">
  <testcase name="feature" time="66.961" classname="com.testautomation.TestRunner.TestRunner"/>
</testsuite> <!-- com.testautomation.TestRunner.TestRunner -->
