<?xml version="1.0" encoding="UTF-8"?>
<!-- Generated by org.testng.reporters.JUnitReportReporter -->
<testsuite skipped="0" hostname="DESKTOP-8KLIGMJ" name="com.testautomation.TestRunner.TestRunner" tests="2" failures="0" timestamp="27 Apr 2020 12:13:50 GMT" time="50.226" errors="0">
  <testcase name="feature" time="30.414" classname="com.testautomation.TestRunner.TestRunner"/>
  <testcase name="feature" time="19.812" classname="com.testautomation.TestRunner.TestRunner"/>
</testsuite> <!-- com.testautomation.TestRunner.TestRunner -->
