<?xml version="1.0" encoding="UTF-8"?>
<!-- Generated by org.testng.reporters.JUnitReportReporter -->
<testsuite hostname="DESKTOP-8KLIGMJ" name="com.testautomation.TestRunner.TestRunner" tests="1" failures="0" timestamp="8 Apr 2020 17:33:11 GMT" time="238.193" errors="0">
  <testcase name="feature" time="238.193" classname="com.testautomation.TestRunner.TestRunner"/>
</testsuite> <!-- com.testautomation.TestRunner.TestRunner -->
